TN:
SF:script/SimpleRWADeploy.s.sol
DA:12,0
FN:12,SimpleRWADeployScript.setUp
FNDA:0,SimpleRWADeployScript.setUp
DA:14,0
FN:14,SimpleRWADeployScript.run
FNDA:0,SimpleRWADeployScript.run
DA:15,0
DA:16,0
DA:18,0
DA:21,0
DA:24,0
DA:26,0
DA:29,0
DA:31,0
DA:34,0
DA:37,0
DA:39,0
DA:42,0
DA:45,0
DA:47,0
DA:50,0
DA:51,0
DA:53,0
DA:56,0
DA:58,0
DA:61,0
DA:63,0
DA:67,0
DA:70,0
DA:82,0
DA:83,0
DA:84,0
DA:85,0
DA:86,0
DA:87,0
DA:88,0
DA:89,0
DA:91,0
FNF:2
FNH:0
LF:34
LH:0
BRF:0
BRH:0
end_of_record
TN:
SF:src/managers/MerkleHelper.sol
DA:17,0
FN:17,MerkleHelper.computeLeaf
FNDA:0,MerkleHelper.computeLeaf
DA:18,0
DA:27,0
FN:27,MerkleHelper.computeNode
FNDA:0,MerkleHelper.computeNode
DA:28,0
DA:38,0
FN:38,MerkleHelper.computeRoot
FNDA:0,MerkleHelper.computeRoot
DA:39,0
BRDA:39,0,0,-
BRDA:39,0,1,-
DA:41,0
BRDA:41,1,0,-
DA:42,0
DA:45,0
DA:47,0
DA:48,0
DA:50,0
DA:51,0
DA:52,0
DA:54,0
DA:55,0
DA:57,0
DA:60,0
DA:63,0
DA:72,0
FN:72,MerkleHelper.getProof
FNDA:0,MerkleHelper.getProof
DA:73,0
BRDA:73,2,0,-
BRDA:73,2,1,-
DA:74,0
BRDA:74,3,0,-
BRDA:74,3,1,-
DA:76,0
BRDA:76,4,0,-
DA:77,0
DA:81,0
DA:82,0
DA:83,0
DA:84,0
DA:85,0
DA:88,0
DA:89,0
DA:91,0
DA:92,0
DA:94,0
DA:95,0
DA:97,0
BRDA:97,5,0,-
BRDA:97,5,1,-
DA:98,0
DA:101,0
DA:105,0
DA:108,0
DA:109,0
DA:110,0
DA:111,0
DA:112,0
BRDA:112,6,0,-
BRDA:112,6,1,-
DA:113,0
DA:115,0
DA:118,0
DA:121,0
DA:131,0
FN:131,MerkleHelper.verify
FNDA:0,MerkleHelper.verify
DA:132,0
DA:134,0
DA:135,0
DA:138,0
FNF:5
FNH:0
LF:53
LH:0
BRF:12
BRH:0
end_of_record
TN:
SF:src/managers/SubscriptionManager.sol
DA:69,0
FN:69,SubscriptionManager.constructor
FNDA:0,SubscriptionManager.constructor
DA:77,0
BRDA:77,0,0,-
DA:78,0
DA:81,0
DA:82,0
DA:83,0
DA:84,0
DA:85,0
DA:86,0
DA:87,0
DA:89,0
DA:90,0
DA:105,0
FN:105,SubscriptionManager.createSubscription
FNDA:0,SubscriptionManager.createSubscription
DA:111,0
BRDA:111,1,0,-
DA:112,0
BRDA:112,2,0,-
DA:113,0
BRDA:113,3,0,-
DA:116,0
DA:117,0
DA:119,0
DA:130,0
DA:131,0
DA:132,0
DA:135,0
DA:137,0
DA:138,0
DA:145,0
FN:145,SubscriptionManager.cancelSubscription
FNDA:0,SubscriptionManager.cancelSubscription
DA:146,0
DA:149,0
BRDA:149,4,0,-
DA:150,0
DA:153,0
BRDA:153,5,0,-
DA:156,0
DA:158,0
DA:166,0
FN:166,SubscriptionManager.processPayment
FNDA:0,SubscriptionManager.processPayment
DA:169,0
DA:171,0
BRDA:171,6,0,-
DA:172,0
BRDA:172,7,0,-
DA:175,0
DA:176,0
DA:179,0
DA:182,0
DA:183,0
DA:184,0
DA:185,0
DA:186,0
DA:189,0
BRDA:189,8,0,-
BRDA:189,8,1,-
DA:191,0
BRDA:191,9,0,-
DA:192,0
DA:196,0
DA:199,0
DA:201,0
DA:202,0
DA:204,0
DA:205,0
DA:221,0
FN:221,SubscriptionManager.openSubscriptionRound
FNDA:0,SubscriptionManager.openSubscriptionRound
DA:228,0
BRDA:228,10,0,-
DA:229,0
BRDA:229,11,0,-
DA:230,0
BRDA:230,12,0,-
DA:233,0
DA:234,0
BRDA:234,13,0,-
DA:235,0
DA:239,0
DA:241,0
DA:252,0
DA:255,0
DA:257,0
DA:258,0
DA:264,0
FN:264,SubscriptionManager.closeSubscriptionRound
FNDA:0,SubscriptionManager.closeSubscriptionRound
DA:265,0
DA:267,0
BRDA:267,14,0,-
DA:270,0
DA:273,0
DA:275,0
DA:285,0
FN:285,SubscriptionManager.updateSubscription
FNDA:0,SubscriptionManager.updateSubscription
DA:291,0
DA:293,0
BRDA:293,15,0,-
DA:296,0
BRDA:296,16,0,-
DA:297,0
BRDA:297,17,0,-
DA:298,0
BRDA:298,18,0,-
DA:300,0
DA:309,0
FN:309,SubscriptionManager.updateFees
FNDA:0,SubscriptionManager.updateFees
DA:315,0
DA:318,0
BRDA:318,19,0,-
DA:319,0
BRDA:319,20,0,-
DA:321,0
DA:322,0
DA:324,0
DA:332,0
FN:332,SubscriptionManager.batchProcessPayments
FNDA:0,SubscriptionManager.batchProcessPayments
DA:335,0
DA:337,0
DA:338,0
DA:339,0
BRDA:339,21,0,-
DA:340,0
DA:345,0
DA:357,0
FN:357,SubscriptionManager.getSubscription
FNDA:0,SubscriptionManager.getSubscription
DA:358,0
DA:365,0
FN:365,SubscriptionManager.getCurrentRound
FNDA:0,SubscriptionManager.getCurrentRound
DA:366,0
DA:374,0
FN:374,SubscriptionManager.getUserSubscriptions
FNDA:0,SubscriptionManager.getUserSubscriptions
DA:375,0
DA:384,0
FN:384,SubscriptionManager.isPaymentDue
FNDA:0,SubscriptionManager.isPaymentDue
DA:385,0
DA:387,0
DA:389,0
DA:398,0
FN:398,SubscriptionManager.hasRole
FNDA:0,SubscriptionManager.hasRole
DA:399,0
DA:407,0
FN:407,SubscriptionManager.grantRole
FNDA:0,SubscriptionManager.grantRole
DA:408,0
DA:416,0
FN:416,SubscriptionManager.revokeRole
FNDA:0,SubscriptionManager.revokeRole
DA:417,0
DA:427,0
FN:427,SubscriptionManager.executeTransfer
FNDA:0,SubscriptionManager.executeTransfer
DA:429,0
BRDA:429,23,0,-
BRDA:429,23,1,-
DA:432,0
DA:433,0
FNF:17
FNH:0
LF:113
LH:0
BRF:25
BRH:0
end_of_record
TN:
SF:src/managers/WithdrawalManager.sol
DA:55,0
FN:55,WithdrawalManager.constructor
FNDA:0,WithdrawalManager.constructor
DA:56,0
BRDA:56,0,0,-
DA:58,0
DA:59,0
DA:60,0
DA:62,0
DA:63,0
DA:77,0
FN:77,WithdrawalManager.requestWithdrawal
FNDA:0,WithdrawalManager.requestWithdrawal
DA:78,0
BRDA:78,1,0,-
DA:79,0
BRDA:79,2,0,-
DA:82,0
BRDA:82,3,0,-
DA:84,0
DA:88,0
DA:90,0
DA:101,0
DA:103,0
DA:104,0
DA:113,0
FN:113,WithdrawalManager.executeWithdrawal
FNDA:0,WithdrawalManager.executeWithdrawal
DA:114,0
DA:117,0
BRDA:117,4,0,-
DA:118,0
BRDA:118,5,0,-
DA:121,0
DA:122,0
BRDA:122,6,0,-
DA:125,0
BRDA:125,7,0,-
DA:126,0
DA:127,0
DA:131,0
BRDA:131,8,0,-
DA:134,0
BRDA:134,9,0,-
DA:135,0
DA:139,0
DA:142,0
DA:145,0
BRDA:145,10,0,-
DA:146,0
DA:150,0
DA:153,0
DA:155,0
DA:156,0
DA:170,0
FN:170,WithdrawalManager.openWithdrawalPeriod
FNDA:0,WithdrawalManager.openWithdrawalPeriod
DA:176,0
BRDA:176,11,0,-
DA:177,0
DA:180,0
BRDA:180,12,0,-
DA:181,0
BRDA:181,13,0,-
DA:184,0
DA:185,0
DA:186,0
DA:188,0
DA:199,0
DA:201,0
DA:202,0
DA:208,0
FN:208,WithdrawalManager.closeWithdrawalPeriod
FNDA:0,WithdrawalManager.closeWithdrawalPeriod
DA:210,0
DA:213,0
BRDA:213,14,0,-
DA:214,0
DA:217,0
BRDA:217,15,0,-
DA:220,0
DA:221,0
DA:223,0
DA:230,0
FN:230,WithdrawalManager.approveWithdrawals
FNDA:0,WithdrawalManager.approveWithdrawals
DA:232,0
BRDA:232,16,0,-
DA:233,0
DA:236,0
DA:238,0
DA:239,0
DA:240,0
DA:243,0
DA:246,0
DA:249,0
DA:261,0
FN:261,WithdrawalManager.getWithdrawalRequest
FNDA:0,WithdrawalManager.getWithdrawalRequest
DA:262,0
DA:269,0
FN:269,WithdrawalManager.getCurrentWithdrawalPeriod
FNDA:0,WithdrawalManager.getCurrentWithdrawalPeriod
DA:270,0
DA:278,0
FN:278,WithdrawalManager.getPendingWithdrawalRequests
FNDA:0,WithdrawalManager.getPendingWithdrawalRequests
DA:279,0
DA:282,0
DA:283,0
DA:284,0
DA:285,0
BRDA:285,18,0,-
DA:286,0
DA:291,0
DA:294,0
DA:295,0
DA:296,0
DA:297,0
BRDA:297,19,0,-
DA:298,0
DA:299,0
DA:303,0
DA:312,0
FN:312,WithdrawalManager.isValidWithdrawal
FNDA:0,WithdrawalManager.isValidWithdrawal
DA:313,0
DA:314,0
DA:316,0
DA:319,0
DA:322,0
DA:331,0
FN:331,WithdrawalManager.hasRole
FNDA:0,WithdrawalManager.hasRole
DA:332,0
DA:340,0
FN:340,WithdrawalManager.grantRole
FNDA:0,WithdrawalManager.grantRole
DA:341,0
DA:349,0
FN:349,WithdrawalManager.revokeRole
FNDA:0,WithdrawalManager.revokeRole
DA:350,0
FNF:13
FNH:0
LF:98
LH:0
BRF:19
BRH:0
end_of_record
TN:
SF:src/mocks/MockERC20.sol
DA:23,15
FN:23,MockERC20.constructor
FNDA:15,MockERC20.constructor
DA:28,15
DA:29,15
DA:30,15
DA:31,15
DA:38,0
FN:38,MockERC20.name
FNDA:0,MockERC20.name
DA:39,0
DA:46,0
FN:46,MockERC20.symbol
FNDA:0,MockERC20.symbol
DA:47,0
DA:54,0
FN:54,MockERC20.decimals
FNDA:0,MockERC20.decimals
DA:55,0
DA:63,0
FN:63,MockERC20.mint
FNDA:0,MockERC20.mint
DA:64,0
DA:72,0
FN:72,MockERC20.burn
FNDA:0,MockERC20.burn
DA:73,0
FNF:6
FNH:1
LF:15
LH:5
BRF:0
BRH:0
end_of_record
TN:
SF:src/mocks/MockReporter.sol
DA:13,0
FN:13,MockReporter.constructor
FNDA:0,MockReporter.constructor
DA:14,0
DA:21,0
FN:21,MockReporter.setValue
FNDA:0,MockReporter.setValue
DA:22,0
DA:29,0
FN:29,MockReporter.report
FNDA:0,MockReporter.report
DA:30,0
FNF:3
FNH:0
LF:6
LH:0
BRF:0
BRH:0
end_of_record
TN:
SF:src/mocks/MockRules.sol
DA:19,15
FN:19,MockRules.constructor
FNDA:15,MockRules.constructor
DA:20,15
DA:21,15
DA:29,0
FN:29,MockRules.setApproveStatus
FNDA:0,MockRules.setApproveStatus
DA:30,0
DA:31,0
DA:38,0
FN:38,MockRules.evaluateTransfer
FNDA:0,MockRules.evaluateTransfer
DA:44,0
DA:54,0
FN:54,MockRules.evaluateDeposit
FNDA:0,MockRules.evaluateDeposit
DA:60,0
DA:70,0
FN:70,MockRules.evaluateWithdraw
FNDA:0,MockRules.evaluateWithdraw
DA:77,0
FNF:5
FNH:1
LF:12
LH:3
BRF:0
BRH:0
end_of_record
TN:
SF:src/mocks/MockStrategy.sol
DA:29,13
FN:29,MockStrategy.initialize
FNDA:13,MockStrategy.initialize
DA:38,0
BRDA:38,0,0,-
DA:39,13
DA:41,13
BRDA:41,1,0,1
DA:42,12
BRDA:42,2,0,1
DA:43,11
BRDA:43,3,0,-
DA:44,11
BRDA:44,4,0,-
DA:46,11
DA:47,11
DA:48,11
DA:50,11
DA:58,11
DA:59,11
DA:61,11
DA:68,0
FN:68,MockStrategy.setBalance
FNDA:0,MockStrategy.setBalance
DA:69,0
DA:76,0
FN:76,MockStrategy.balance
FNDA:0,MockStrategy.balance
DA:77,0
DA:85,0
FN:85,MockStrategy.transferAssets
FNDA:0,MockStrategy.transferAssets
DA:87,0
BRDA:87,5,0,-
DA:90,0
DA:96,0
FN:96,MockStrategy.setManager
FNDA:0,MockStrategy.setManager
DA:97,0
DA:98,0
DA:101,0
FN:101,MockStrategy.proposeAdmin
FNDA:0,MockStrategy.proposeAdmin
DA:102,0
DA:103,0
DA:106,0
FN:106,MockStrategy.acceptAdmin
FNDA:0,MockStrategy.acceptAdmin
DA:107,0
BRDA:107,6,0,-
DA:108,0
DA:109,0
DA:110,0
DA:111,0
DA:114,0
FN:114,MockStrategy.cancelAdminChange
FNDA:0,MockStrategy.cancelAdminChange
DA:115,0
BRDA:115,7,0,-
DA:116,0
DA:117,0
DA:118,0
DA:121,0
FN:121,MockStrategy.onlyAdmin
FNDA:0,MockStrategy.onlyAdmin
DA:122,0
BRDA:122,8,0,-
FNF:9
FNH:1
LF:40
LH:13
BRF:9
BRH:2
end_of_record
TN:
SF:src/registry/Registry.sol
DA:41,16
FN:41,Registry.constructor
FNDA:16,Registry.constructor
DA:42,16
DA:50,14
FN:50,Registry.setStrategy
FNDA:14,Registry.setStrategy
DA:51,13
BRDA:51,0,0,1
DA:52,12
DA:53,12
DA:61,14
FN:61,Registry.setRules
FNDA:14,Registry.setRules
DA:62,13
BRDA:62,1,0,1
DA:63,12
DA:64,12
DA:72,14
FN:72,Registry.setAsset
FNDA:14,Registry.setAsset
DA:73,13
BRDA:73,2,0,1
DA:74,12
DA:75,12
DA:90,17
FN:90,Registry.deploy
FNDA:17,Registry.deploy
DA:100,16
BRDA:100,3,0,1
DA:101,15
BRDA:101,4,0,1
DA:102,14
BRDA:102,5,0,1
DA:105,13
DA:108,13
DA:111,11
DA:114,11
DA:116,11
DA:118,0
FNF:5
FNH:5
LF:24
LH:23
BRF:6
BRH:6
end_of_record
TN:
SF:src/reporter/PriceOracleReporter.sol
DA:51,0
FN:51,PriceOracleReporter.constructor
FNDA:0,PriceOracleReporter.constructor
DA:52,0
DA:53,0
DA:55,0
DA:56,0
DA:57,0
DA:69,0
FN:69,PriceOracleReporter.update
FNDA:0,PriceOracleReporter.update
DA:70,0
BRDA:70,0,0,-
DA:71,0
BRDA:71,1,0,-
DA:74,0
BRDA:74,2,0,-
DA:76,0
DA:77,0
BRDA:77,3,0,-
BRDA:77,3,1,-
DA:78,0
DA:80,0
DA:84,0
BRDA:84,4,0,-
DA:88,0
DA:89,0
DA:90,0
DA:92,0
DA:100,0
FN:100,PriceOracleReporter.report
FNDA:0,PriceOracleReporter.report
DA:101,0
DA:113,0
FN:113,PriceOracleReporter.setUpdater
FNDA:0,PriceOracleReporter.setUpdater
DA:114,0
DA:115,0
DA:122,0
FN:122,PriceOracleReporter.setMaxDeviation
FNDA:0,PriceOracleReporter.setMaxDeviation
DA:123,0
DA:124,0
FNF:5
FNH:0
LF:27
LH:0
BRF:6
BRH:0
end_of_record
TN:
SF:src/rules/BaseRules.sol
DA:23,15
FN:23,BaseRules.constructor
FNDA:15,BaseRules.constructor
DA:24,15
DA:25,15
DA:32,0
FN:32,BaseRules.appliesTo
FNDA:0,BaseRules.appliesTo
DA:34,0
DA:41,0
FN:41,BaseRules.evaluateTransfer
FNDA:0,BaseRules.evaluateTransfer
DA:47,0
DA:54,0
FN:54,BaseRules.evaluateDeposit
FNDA:0,BaseRules.evaluateDeposit
DA:60,0
DA:67,0
FN:67,BaseRules.evaluateWithdraw
FNDA:0,BaseRules.evaluateWithdraw
DA:74,0
FNF:5
FNH:1
LF:11
LH:3
BRF:0
BRH:0
end_of_record
TN:
SF:src/rules/CappedSubscriptionRules.sol
DA:35,0
FN:35,CappedSubscriptionRules.constructor
FNDA:0,CappedSubscriptionRules.constructor
DA:41,0
BRDA:41,0,0,-
DA:42,0
DA:43,0
DA:50,0
FN:50,CappedSubscriptionRules.updateCap
FNDA:0,CappedSubscriptionRules.updateCap
DA:51,0
BRDA:51,1,0,-
DA:52,0
DA:53,0
DA:60,0
FN:60,CappedSubscriptionRules.remainingCap
FNDA:0,CappedSubscriptionRules.remainingCap
DA:61,0
DA:72,0
FN:72,CappedSubscriptionRules.evaluateDeposit
FNDA:0,CappedSubscriptionRules.evaluateDeposit
DA:79,0
DA:80,0
BRDA:80,2,0,-
DA:81,0
DA:85,0
DA:88,0
DA:90,0
BRDA:90,3,0,-
DA:91,0
DA:104,0
DA:115,0
FN:115,CappedSubscriptionRules._toString
FNDA:0,CappedSubscriptionRules._toString
DA:117,0
BRDA:117,4,0,-
DA:118,0
DA:122,0
DA:123,0
DA:124,0
DA:125,0
DA:126,0
DA:130,0
DA:133,0
DA:134,0
DA:135,0
DA:136,0
DA:139,0
FNF:5
FNH:0
LF:33
LH:0
BRF:5
BRH:0
end_of_record
TN:
SF:src/rules/KycRules.sol
DA:31,0
FN:31,KycRules.constructor
FNDA:0,KycRules.constructor
DA:34,0
BRDA:34,0,0,-
DA:36,0
DA:38,0
DA:45,0
FN:45,KycRules.allowAddress
FNDA:0,KycRules.allowAddress
DA:46,0
BRDA:46,1,0,-
DA:47,0
BRDA:47,2,0,-
DA:49,0
DA:51,0
DA:58,0
FN:58,KycRules.denyAddress
FNDA:0,KycRules.denyAddress
DA:59,0
BRDA:59,3,0,-
DA:61,0
DA:62,0
DA:64,0
DA:71,0
FN:71,KycRules.removeAddressRestriction
FNDA:0,KycRules.removeAddressRestriction
DA:72,0
BRDA:72,4,0,-
DA:74,0
DA:75,0
DA:77,0
DA:84,0
FN:84,KycRules.setDefaultAllow
FNDA:0,KycRules.setDefaultAllow
DA:85,0
DA:87,0
DA:95,0
FN:95,KycRules.isAllowed
FNDA:0,KycRules.isAllowed
DA:97,0
BRDA:97,5,0,-
DA:98,0
DA:102,0
BRDA:102,6,0,-
DA:103,0
DA:107,0
DA:116,0
FN:116,KycRules.evaluateTransfer
FNDA:0,KycRules.evaluateTransfer
DA:123,0
BRDA:123,7,0,-
DA:124,0
DA:131,0
BRDA:131,8,0,-
DA:132,0
DA:139,0
DA:148,0
FN:148,KycRules.evaluateDeposit
FNDA:0,KycRules.evaluateDeposit
DA:155,0
BRDA:155,9,0,-
DA:156,0
DA:163,0
BRDA:163,10,0,-
DA:164,0
DA:171,0
DA:181,0
FN:181,KycRules.evaluateWithdraw
FNDA:0,KycRules.evaluateWithdraw
DA:189,0
BRDA:189,11,0,-
DA:190,0
DA:197,0
BRDA:197,12,0,-
DA:198,0
DA:205,0
BRDA:205,13,0,-
DA:206,0
DA:213,0
FNF:9
FNH:0
LF:48
LH:0
BRF:14
BRH:0
end_of_record
TN:
SF:src/rules/RulesEngine.sol
DA:47,0
FN:47,RulesEngine.constructor
FNDA:0,RulesEngine.constructor
DA:48,0
BRDA:48,0,0,-
DA:50,0
DA:63,0
FN:63,RulesEngine.addRule
FNDA:0,RulesEngine.addRule
DA:64,0
BRDA:64,1,0,-
DA:67,0
DA:70,0
BRDA:70,2,0,-
DA:71,0
BRDA:71,3,0,-
DA:74,0
DA:81,0
DA:83,0
DA:85,0
DA:92,0
FN:92,RulesEngine.removeRule
FNDA:0,RulesEngine.removeRule
DA:93,0
BRDA:93,4,0,-
DA:96,0
DA:99,0
DA:100,0
BRDA:100,5,0,-
DA:102,0
DA:103,0
DA:104,0
DA:108,0
DA:116,0
FN:116,RulesEngine.changeRulePriority
FNDA:0,RulesEngine.changeRulePriority
DA:117,0
BRDA:117,6,0,-
DA:119,0
DA:121,0
DA:128,0
FN:128,RulesEngine.enableRule
FNDA:0,RulesEngine.enableRule
DA:129,0
BRDA:129,7,0,-
DA:131,0
DA:133,0
DA:140,0
FN:140,RulesEngine.disableRule
FNDA:0,RulesEngine.disableRule
DA:141,0
BRDA:141,8,0,-
DA:143,0
DA:145,0
DA:153,0
FN:153,RulesEngine.isRuleActive
FNDA:0,RulesEngine.isRuleActive
DA:154,0
DA:161,0
FN:161,RulesEngine.getAllRules
FNDA:0,RulesEngine.getAllRules
DA:162,0
DA:170,0
FN:170,RulesEngine.getRuleAddress
FNDA:0,RulesEngine.getRuleAddress
DA:171,0
DA:179,0
FN:179,RulesEngine.getRulePriority
FNDA:0,RulesEngine.getRulePriority
DA:180,0
DA:195,0
FN:195,RulesEngine.evaluateTransfer
FNDA:0,RulesEngine.evaluateTransfer
DA:201,0
DA:204,0
DA:205,0
DA:206,0
DA:207,0
DA:219,0
FN:219,RulesEngine.evaluateDeposit
FNDA:0,RulesEngine.evaluateDeposit
DA:225,0
DA:228,0
DA:229,0
DA:230,0
DA:231,0
DA:243,0
FN:243,RulesEngine.evaluateWithdraw
FNDA:0,RulesEngine.evaluateWithdraw
DA:250,0
DA:253,0
DA:254,0
DA:255,0
DA:256,0
DA:270,0
FN:270,RulesEngine._evaluateOperation
FNDA:0,RulesEngine._evaluateOperation
DA:272,0
DA:275,0
DA:276,0
DA:277,0
DA:280,0
DA:283,0
DA:286,0
DA:288,0
BRDA:288,11,0,-
DA:290,0
DA:294,0
DA:297,0
BRDA:297,12,0,-
DA:298,0
DA:303,0
DA:310,0
FN:310,RulesEngine._getSortedRuleIds
FNDA:0,RulesEngine._getSortedRuleIds
DA:311,0
DA:312,0
DA:315,0
DA:316,0
DA:320,0
DA:321,0
DA:322,0
DA:323,0
DA:325,0
DA:326,0
DA:327,0
DA:330,0
DA:333,0
FNF:15
FNH:0
LF:87
LH:0
BRF:11
BRH:0
end_of_record
TN:
SF:src/rules/SubscriptionRules.sol
DA:38,0
FN:38,SubscriptionRules.constructor
FNDA:0,SubscriptionRules.constructor
DA:39,0
BRDA:39,0,0,-
DA:41,0
DA:42,0
DA:44,0
DA:45,0
DA:53,0
FN:53,SubscriptionRules.setSubscriber
FNDA:0,SubscriptionRules.setSubscriber
DA:54,0
BRDA:54,1,0,-
DA:56,0
DA:58,0
DA:65,0
FN:65,SubscriptionRules.setSubscriptionStatus
FNDA:0,SubscriptionRules.setSubscriptionStatus
DA:66,0
DA:68,0
DA:75,0
FN:75,SubscriptionRules.setEnforceApproval
FNDA:0,SubscriptionRules.setEnforceApproval
DA:76,0
DA:78,0
DA:86,0
FN:86,SubscriptionRules.batchSetSubscribers
FNDA:0,SubscriptionRules.batchSetSubscribers
DA:87,0
DA:88,0
BRDA:88,2,0,-
DA:89,0
DA:90,0
DA:100,0
FN:100,SubscriptionRules.evaluateDeposit
FNDA:0,SubscriptionRules.evaluateDeposit
DA:107,0
BRDA:107,3,0,-
DA:108,0
DA:115,0
BRDA:115,4,0,-
DA:116,0
DA:123,0
DA:133,0
FN:133,SubscriptionRules.appliesTo
FNDA:0,SubscriptionRules.appliesTo
DA:134,0
FNF:7
FNH:0
LF:29
LH:0
BRF:5
BRH:0
end_of_record
TN:
SF:src/rules/WithdrawalQueueRule.sol
DA:34,0
FN:34,WithdrawalQueueRule.constructor
FNDA:0,WithdrawalQueueRule.constructor
DA:35,0
BRDA:35,0,0,-
DA:36,0
BRDA:36,1,0,-
DA:38,0
DA:39,0
DA:46,0
FN:46,WithdrawalQueueRule.setWithdrawalManager
FNDA:0,WithdrawalQueueRule.setWithdrawalManager
DA:47,0
BRDA:47,2,0,-
DA:48,0
DA:49,0
DA:56,0
FN:56,WithdrawalQueueRule.appliesTo
FNDA:0,WithdrawalQueueRule.appliesTo
DA:57,0
DA:64,0
FN:64,WithdrawalQueueRule.evaluateDeposit
FNDA:0,WithdrawalQueueRule.evaluateDeposit
DA:70,0
DA:82,0
FN:82,WithdrawalQueueRule.evaluateWithdraw
FNDA:0,WithdrawalQueueRule.evaluateWithdraw
DA:90,0
BRDA:90,3,0,-
DA:91,0
DA:95,0
DA:98,0
DA:101,0
DA:112,0
FN:112,WithdrawalQueueRule.grantRole
FNDA:0,WithdrawalQueueRule.grantRole
DA:113,0
DA:121,0
FN:121,WithdrawalQueueRule.revokeRole
FNDA:0,WithdrawalQueueRule.revokeRole
DA:122,0
FNF:7
FNH:0
LF:23
LH:0
BRF:4
BRH:0
end_of_record
TN:
SF:src/strategy/BasicStrategy.sol
DA:51,0
FN:51,BasicStrategy.initialize
FNDA:0,BasicStrategy.initialize
DA:61,0
BRDA:61,0,0,-
DA:62,0
DA:64,0
BRDA:64,1,0,-
DA:65,0
BRDA:65,2,0,-
DA:66,0
BRDA:66,3,0,-
DA:67,0
BRDA:67,4,0,-
DA:70,0
DA:71,0
DA:72,0
DA:75,0
DA:83,0
DA:85,0
DA:96,0
FN:96,BasicStrategy.setManager
FNDA:0,BasicStrategy.setManager
DA:98,0
DA:100,0
DA:107,0
FN:107,BasicStrategy.proposeAdmin
FNDA:0,BasicStrategy.proposeAdmin
DA:108,0
DA:110,0
DA:116,0
FN:116,BasicStrategy.acceptAdmin
FNDA:0,BasicStrategy.acceptAdmin
DA:117,0
BRDA:117,5,0,-
DA:119,0
DA:120,0
DA:121,0
DA:123,0
DA:129,0
FN:129,BasicStrategy.cancelAdminChange
FNDA:0,BasicStrategy.cancelAdminChange
DA:130,0
BRDA:130,6,0,-
DA:132,0
DA:133,0
DA:135,0
DA:159,0
FN:159,BasicStrategy.sendETH
FNDA:0,BasicStrategy.sendETH
DA:160,0
DA:169,0
FN:169,BasicStrategy.sendToken
FNDA:0,BasicStrategy.sendToken
DA:170,0
DA:179,0
FN:179,BasicStrategy.pullToken
FNDA:0,BasicStrategy.pullToken
DA:180,0
DA:189,0
FN:189,BasicStrategy.setAllowance
FNDA:0,BasicStrategy.setAllowance
DA:190,0
DA:201,0
FN:201,BasicStrategy.call
FNDA:0,BasicStrategy.call
DA:206,0
BRDA:206,7,0,-
DA:208,0
DA:209,0
BRDA:209,8,0,-
DA:210,0
DA:213,0
DA:223,0
FN:223,BasicStrategy.delegateCall
FNDA:0,BasicStrategy.delegateCall
DA:227,0
DA:234,0
FN:234,BasicStrategy.onlyAdmin
FNDA:0,BasicStrategy.onlyAdmin
DA:235,0
BRDA:235,9,0,-
DA:239,0
FN:239,BasicStrategy.onlyManager
FNDA:0,BasicStrategy.onlyManager
DA:240,0
BRDA:240,10,0,-
FNF:13
FNH:0
LF:50
LH:0
BRF:11
BRH:0
end_of_record
TN:
SF:src/strategy/ReportedStrategy.sol
DA:48,0
FN:48,ReportedStrategy.initialize
FNDA:0,ReportedStrategy.initialize
DA:57,0
DA:59,0
DA:60,0
BRDA:60,0,0,-
DA:61,0
DA:63,0
DA:70,0
FN:70,ReportedStrategy.balance
FNDA:0,ReportedStrategy.balance
DA:71,0
DA:78,0
FN:78,ReportedStrategy.setReporter
FNDA:0,ReportedStrategy.setReporter
DA:79,0
BRDA:79,1,0,-
DA:81,0
DA:83,0
DA:91,0
FN:91,ReportedStrategy.transferAssets
FNDA:0,ReportedStrategy.transferAssets
DA:93,0
FNF:4
FNH:0
LF:14
LH:0
BRF:2
BRH:0
end_of_record
TN:
SF:src/token/tRWA.sol
DA:59,11
FN:59,tRWA.constructor
FNDA:11,tRWA.constructor
DA:67,11
BRDA:67,0,0,-
DA:68,11
BRDA:68,1,0,-
DA:69,11
BRDA:69,2,0,-
DA:71,11
DA:72,11
DA:73,11
DA:75,11
DA:76,11
DA:83,0
FN:83,tRWA.name
FNDA:0,tRWA.name
DA:84,0
DA:91,0
FN:91,tRWA.symbol
FNDA:0,tRWA.symbol
DA:92,0
DA:99,0
FN:99,tRWA.asset
FNDA:0,tRWA.asset
DA:100,0
DA:106,0
FN:106,tRWA.decimals
FNDA:0,tRWA.decimals
DA:107,0
DA:114,0
FN:114,tRWA.totalAssets
FNDA:0,tRWA.totalAssets
DA:115,0
DA:130,0
FN:130,tRWA.deposit
FNDA:0,tRWA.deposit
DA:137,0
DA:140,0
BRDA:140,3,0,-
DA:141,0
DA:144,0
DA:155,0
FN:155,tRWA.mint
FNDA:0,tRWA.mint
DA:162,0
DA:165,0
BRDA:165,4,0,-
DA:166,0
DA:169,0
DA:181,0
FN:181,tRWA.withdraw
FNDA:0,tRWA.withdraw
DA:188,0
DA:190,0
DA:191,0
DA:192,0
DA:193,0
DA:195,0
BRDA:195,5,0,-
BRDA:195,5,1,-
DA:197,0
DA:198,0
DA:201,0
DA:204,0
DA:205,0
DA:210,0
BRDA:210,6,0,-
DA:211,0
DA:214,0
DA:226,0
FN:226,tRWA.redeem
FNDA:0,tRWA.redeem
DA:233,0
DA:235,0
DA:236,0
DA:237,0
DA:238,0
DA:240,0
BRDA:240,7,0,-
BRDA:240,7,1,-
DA:242,0
DA:243,0
DA:246,0
DA:249,0
DA:250,0
DA:255,0
BRDA:255,8,0,-
DA:256,0
DA:259,0
DA:268,0
FN:268,tRWA._executeCallback
FNDA:0,tRWA._executeCallback
DA:273,0
DA:277,0
DA:293,0
FN:293,tRWA._deposit
FNDA:0,tRWA._deposit
DA:294,0
DA:296,0
BRDA:296,9,0,-
DA:298,0
DA:299,0
DA:301,0
DA:312,0
FN:312,tRWA._withdraw
FNDA:0,tRWA._withdraw
DA:313,0
DA:315,0
BRDA:315,10,0,-
DA:317,0
BRDA:317,11,0,-
DA:319,0
DA:323,0
DA:326,0
BRDA:326,12,0,-
DA:327,0
DA:330,0
DA:331,0
BRDA:331,13,0,-
DA:333,0
DA:336,0
DA:338,0
DA:346,0
FN:346,tRWA.burn
FNDA:0,tRWA.burn
DA:348,0
DA:349,0
BRDA:349,14,0,-
DA:350,0
DA:353,0
FNF:14
FNH:1
LF:86
LH:9
BRF:17
BRH:0
end_of_record
TN:
SF:test/BaseFountfiTest.t.sol
DA:42,0
FN:42,BaseFountfiTest.setUp
FNDA:0,BaseFountfiTest.setUp
DA:44,0
DA:45,0
DA:46,0
DA:47,0
DA:48,0
DA:49,0
DA:52,0
DA:53,0
DA:54,0
DA:55,0
DA:56,0
DA:57,0
DA:60,0
DA:61,0
DA:64,0
DA:65,0
DA:66,0
DA:69,0
DA:70,0
DA:71,0
DA:74,0
DA:75,0
DA:79,0
FN:79,BaseFountfiTest.deployMockTRWA
FNDA:0,BaseFountfiTest.deployMockTRWA
DA:84,0
DA:87,0
DA:90,0
DA:91,0
DA:102,0
DA:103,0
DA:105,0
DA:109,0
FN:109,BaseFountfiTest.depositTRWA
FNDA:0,BaseFountfiTest.depositTRWA
DA:110,0
DA:111,0
DA:112,0
DA:113,0
DA:114,0
DA:118,0
FN:118,BaseFountfiTest.deployThroughRegistry
FNDA:0,BaseFountfiTest.deployThroughRegistry
DA:124,0
DA:127,0
DA:130,0
DA:131,0
DA:134,0
DA:137,0
DA:138,0
DA:141,0
DA:152,0
FNF:4
FNH:0
LF:47
LH:0
BRF:0
BRH:0
end_of_record
TN:
SF:test/Registry.coverage.t.sol
DA:50,0
FN:50,ModifiedRegistry.constructor
FNDA:0,ModifiedRegistry.constructor
DA:51,0
DA:59,0
FN:59,ModifiedRegistry.setStrategy
FNDA:0,ModifiedRegistry.setStrategy
DA:60,0
BRDA:60,0,0,-
DA:61,0
DA:62,0
DA:70,0
FN:70,ModifiedRegistry.setRules
FNDA:0,ModifiedRegistry.setRules
DA:71,0
BRDA:71,1,0,-
DA:72,0
DA:73,0
DA:81,0
FN:81,ModifiedRegistry.setAsset
FNDA:0,ModifiedRegistry.setAsset
DA:82,0
BRDA:82,2,0,-
DA:83,0
DA:84,0
DA:100,0
FN:100,ModifiedRegistry.deploy
FNDA:0,ModifiedRegistry.deploy
DA:110,0
BRDA:110,3,0,-
DA:111,0
BRDA:111,4,0,-
DA:112,0
BRDA:112,5,0,-
DA:115,0
DA:118,0
DA:121,0
DA:124,0
DA:126,0
DA:129,0
DA:130,0
DA:132,0
FNF:5
FNH:0
LF:26
LH:0
BRF:6
BRH:0
end_of_record
