TN:
SF:script/SimpleRWADeploy.s.sol
DA:32,0
FN:32,SimpleRWADeployScript.setUp
FNDA:0,SimpleRWADeployScript.setUp
DA:34,0
FN:34,SimpleRWADeployScript.run
FNDA:0,SimpleRWADeployScript.run
DA:36,0
DA:37,0
DA:39,0
DA:42,0
DA:45,0
DA:48,0
DA:51,0
DA:53,0
DA:56,0
FN:56,SimpleRWADeployScript.deployInfrastructure
FNDA:0,SimpleRWADeployScript.deployInfrastructure
DA:58,0
DA:61,0
DA:63,0
DA:66,0
DA:69,0
DA:70,0
DA:71,0
DA:73,0
DA:76,0
DA:77,0
DA:80,0
DA:83,0
DA:84,0
DA:87,0
DA:90,0
DA:91,0
DA:92,0
DA:93,0
DA:96,0
DA:97,0
DA:98,0
DA:101,0
DA:102,0
DA:105,0
DA:106,0
DA:109,0
FN:109,SimpleRWADeployScript.grantRolesToManagers
FNDA:0,SimpleRWADeployScript.grantRolesToManagers
DA:111,0
DA:112,0
DA:115,0
DA:116,0
DA:117,0
DA:118,0
DA:121,0
DA:122,0
DA:125,0
DA:126,0
DA:127,0
DA:128,0
DA:131,0
DA:132,0
DA:133,0
DA:134,0
DA:137,0
DA:138,0
DA:141,0
FN:141,SimpleRWADeployScript.deployStrategyAndController
FNDA:0,SimpleRWADeployScript.deployStrategyAndController
DA:143,0
DA:146,0
DA:147,0
DA:148,0
DA:151,0
DA:164,0
DA:165,0
DA:167,0
DA:175,0
FN:175,SimpleRWADeployScript.configureController
FNDA:0,SimpleRWADeployScript.configureController
DA:177,0
DA:178,0
DA:181,0
FN:181,SimpleRWADeployScript.logDeployedContracts
FNDA:0,SimpleRWADeployScript.logDeployedContracts
DA:183,0
DA:184,0
DA:185,0
DA:186,0
DA:187,0
DA:188,0
DA:189,0
DA:190,0
DA:191,0
DA:192,0
DA:194,0
DA:195,0
DA:196,0
DA:197,0
DA:198,0
FNF:7
FNH:0
LF:83
LH:0
BRF:0
BRH:0
end_of_record
TN:
SF:src/auth/RoleManaged.sol
DA:22,0
FN:22,RoleManaged.constructor
FNDA:0,RoleManaged.constructor
DA:23,0
BRDA:23,0,0,-
DA:24,0
DA:29,0
FN:29,RoleManaged.onlyRole
FNDA:0,RoleManaged.onlyRole
DA:30,0
BRDA:30,1,0,-
DA:31,0
DA:33,0
DA:39,0
FN:39,RoleManaged.onlyRoles
FNDA:0,RoleManaged.onlyRoles
DA:40,0
BRDA:40,2,0,-
DA:41,0
DA:43,0
DA:51,0
FN:51,RoleManaged.hasRole
FNDA:0,RoleManaged.hasRole
DA:52,0
DA:59,0
FN:59,RoleManaged.hasAnyRole
FNDA:0,RoleManaged.hasAnyRole
DA:60,0
DA:68,0
FN:68,RoleManaged._getRolesArray
FNDA:0,RoleManaged._getRolesArray
DA:69,0
DA:70,0
DA:71,0
DA:72,0
FNF:6
FNH:0
LF:20
LH:0
BRF:3
BRH:0
end_of_record
TN:
SF:src/auth/RoleManager.sol
DA:62,0
FN:62,RoleManager.constructor
FNDA:0,RoleManager.constructor
DA:63,0
BRDA:63,0,0,-
DA:65,0
DA:67,0
DA:70,0
DA:76,0
FN:76,RoleManager.grantRole
FNDA:0,RoleManager.grantRole
DA:78,0
DA:81,0
DA:84,0
DA:90,0
FN:90,RoleManager.revokeRole
FNDA:0,RoleManager.revokeRole
DA:92,0
DA:95,0
DA:98,0
DA:103,0
FN:103,RoleManager.renounceRole
FNDA:0,RoleManager.renounceRole
DA:104,0
DA:107,0
DA:114,0
FN:114,RoleManager.hasRole
FNDA:0,RoleManager.hasRole
DA:115,0
DA:122,0
FN:122,RoleManager.hasAnyOfRoles
FNDA:0,RoleManager.hasAnyOfRoles
DA:123,0
DA:124,0
BRDA:124,1,0,-
DA:125,0
DA:128,0
DA:135,0
FN:135,RoleManager.hasAllRoles
FNDA:0,RoleManager.hasAllRoles
DA:136,0
DA:137,0
BRDA:137,2,0,-
DA:138,0
DA:141,0
DA:147,0
FN:147,RoleManager.isAdminRole
FNDA:0,RoleManager.isAdminRole
DA:148,0
DA:155,0
FN:155,RoleManager.isSameDomain
FNDA:0,RoleManager.isSameDomain
DA:156,0
DA:162,0
FN:162,RoleManager.getDomain
FNDA:0,RoleManager.getDomain
DA:163,0
DA:169,0
FN:169,RoleManager._getRoleLevel
FNDA:0,RoleManager._getRoleLevel
DA:170,0
DA:176,0
FN:176,RoleManager._getRoleDomain
FNDA:0,RoleManager._getRoleDomain
DA:177,0
DA:183,0
FN:183,RoleManager._getRoleId
FNDA:0,RoleManager._getRoleId
DA:184,0
DA:191,0
FN:191,RoleManager._canManageRole
FNDA:0,RoleManager._canManageRole
DA:193,0
BRDA:193,3,0,-
DA:194,0
DA:198,0
BRDA:198,4,0,-
DA:199,0
DA:203,0
DA:204,0
DA:207,0
BRDA:207,5,0,-
BRDA:207,5,1,-
DA:208,0
DA:209,0
BRDA:209,6,0,-
BRDA:209,6,1,-
DA:210,0
DA:211,0
BRDA:211,7,0,-
BRDA:211,7,1,-
DA:212,0
DA:213,0
BRDA:213,8,0,-
BRDA:213,8,1,-
DA:214,0
DA:215,0
BRDA:215,9,0,-
BRDA:215,9,1,-
DA:216,0
DA:217,0
BRDA:217,10,0,-
DA:218,0
DA:221,0
DA:226,0
FN:226,RoleManager._validateRoleGrant
FNDA:0,RoleManager._validateRoleGrant
DA:227,0
BRDA:227,11,0,-
DA:228,0
DA:234,0
FN:234,RoleManager._validateRoleRevoke
FNDA:0,RoleManager._validateRoleRevoke
DA:235,0
BRDA:235,12,0,-
DA:236,0
DA:244,0
FN:244,RoleManager._getRolesArray
FNDA:0,RoleManager._getRolesArray
DA:245,0
DA:246,0
DA:247,0
DA:248,0
FNF:17
FNH:0
LF:71
LH:0
BRF:18
BRH:0
end_of_record
TN:
SF:src/controllers/SubscriptionController.sol
DA:55,0
FN:55,SubscriptionController.constructor
FNDA:0,SubscriptionController.constructor
DA:60,0
BRDA:60,0,0,-
DA:61,0
DA:64,0
DA:67,0
DA:68,0
DA:71,0
DA:72,0
BRDA:72,1,0,-
DA:73,0
DA:86,0
FN:86,SubscriptionController.checkAndCloseExpiredRound
FNDA:0,SubscriptionController.checkAndCloseExpiredRound
DA:87,0
DA:90,0
DA:92,0
DA:95,0
BRDA:95,3,0,-
DA:97,0
DA:99,0
DA:100,0
DA:103,0
DA:114,0
FN:114,SubscriptionController.openSubscriptionRound
FNDA:0,SubscriptionController.openSubscriptionRound
DA:121,0
DA:124,0
BRDA:124,4,0,-
DA:125,0
BRDA:125,5,0,-
DA:128,0
DA:129,0
BRDA:129,6,0,-
DA:130,0
DA:134,0
DA:136,0
DA:147,0
DA:149,0
DA:150,0
DA:156,0
FN:156,SubscriptionController.closeSubscriptionRound
FNDA:0,SubscriptionController.closeSubscriptionRound
DA:157,0
DA:159,0
BRDA:159,7,0,-
DA:162,0
DA:164,0
DA:176,0
FN:176,SubscriptionController.isRoundActive
FNDA:0,SubscriptionController.isRoundActive
DA:177,0
DA:180,0
DA:183,0
DA:184,0
DA:186,0
DA:196,0
FN:196,SubscriptionController.validateDeposit
FNDA:0,SubscriptionController.validateDeposit
DA:198,0
BRDA:198,11,0,-
DA:199,0
DA:203,0
BRDA:203,12,0,-
DA:204,0
DA:207,0
DA:210,0
BRDA:210,13,0,-
DA:211,0
DA:219,0
DA:228,0
FN:228,SubscriptionController.operationCallback
FNDA:0,SubscriptionController.operationCallback
DA:234,0
BRDA:234,14,0,-
DA:237,0
DA:239,0
BRDA:239,15,0,-
DA:241,0
BRDA:241,16,0,-
DA:243,0
DA:246,0
DA:249,0
DA:263,0
FN:263,SubscriptionController._recordSubscription
FNDA:0,SubscriptionController._recordSubscription
DA:264,0
DA:267,0
DA:274,0
DA:275,0
DA:277,0
DA:284,0
FN:284,SubscriptionController._incrementRoundSubscriptions
FNDA:0,SubscriptionController._incrementRoundSubscriptions
DA:285,0
DA:286,0
BRDA:286,17,0,-
DA:287,0
DA:300,0
FN:300,SubscriptionController.getSubscription
FNDA:0,SubscriptionController.getSubscription
DA:301,0
DA:308,0
FN:308,SubscriptionController.getCurrentRound
FNDA:0,SubscriptionController.getCurrentRound
DA:309,0
DA:317,0
FN:317,SubscriptionController.getUserSubscriptions
FNDA:0,SubscriptionController.getUserSubscriptions
DA:318,0
DA:327,0
FN:327,SubscriptionController.hasRole
FNDA:0,SubscriptionController.hasRole
DA:328,0
DA:336,0
FN:336,SubscriptionController.grantRole
FNDA:0,SubscriptionController.grantRole
DA:337,0
DA:345,0
FN:345,SubscriptionController.revokeRole
FNDA:0,SubscriptionController.revokeRole
DA:346,0
FNF:15
FNH:0
LF:80
LH:0
BRF:14
BRH:0
end_of_record
TN:
SF:src/mocks/MockCappedSubscriptionRules.sol
DA:22,0
FN:22,MockCappedSubscriptionRules.constructor
FNDA:0,MockCappedSubscriptionRules.constructor
DA:28,0
DA:29,0
DA:36,0
FN:36,MockCappedSubscriptionRules.updateCap
FNDA:0,MockCappedSubscriptionRules.updateCap
DA:37,0
DA:44,0
FN:44,MockCappedSubscriptionRules.remainingCap
FNDA:0,MockCappedSubscriptionRules.remainingCap
DA:45,0
DA:56,0
FN:56,MockCappedSubscriptionRules.evaluateDeposit
FNDA:0,MockCappedSubscriptionRules.evaluateDeposit
DA:63,0
DA:64,0
BRDA:64,0,0,-
DA:65,0
DA:70,0
DA:73,0
BRDA:73,1,0,-
DA:74,0
DA:81,0
DA:84,0
FNF:4
FNH:0
LF:16
LH:0
BRF:2
BRH:0
end_of_record
TN:
SF:src/mocks/MockERC20.sol
DA:23,0
FN:23,MockERC20.constructor
FNDA:0,MockERC20.constructor
DA:28,0
DA:29,0
DA:30,0
DA:31,0
DA:38,0
FN:38,MockERC20.name
FNDA:0,MockERC20.name
DA:39,0
DA:46,0
FN:46,MockERC20.symbol
FNDA:0,MockERC20.symbol
DA:47,0
DA:54,0
FN:54,MockERC20.decimals
FNDA:0,MockERC20.decimals
DA:55,0
DA:63,0
FN:63,MockERC20.mint
FNDA:0,MockERC20.mint
DA:64,0
DA:72,0
FN:72,MockERC20.burn
FNDA:0,MockERC20.burn
DA:73,0
FNF:6
FNH:0
LF:15
LH:0
BRF:0
BRH:0
end_of_record
TN:
SF:src/mocks/MockReporter.sol
DA:13,0
FN:13,MockReporter.constructor
FNDA:0,MockReporter.constructor
DA:14,0
DA:21,0
FN:21,MockReporter.setValue
FNDA:0,MockReporter.setValue
DA:22,0
DA:29,0
FN:29,MockReporter.report
FNDA:0,MockReporter.report
DA:30,0
FNF:3
FNH:0
LF:6
LH:0
BRF:0
BRH:0
end_of_record
TN:
SF:src/mocks/MockRoleManaged.sol
DA:17,0
FN:17,MockRoleManaged.incrementAsProtocolAdmin
FNDA:0,MockRoleManaged.incrementAsProtocolAdmin
DA:18,0
DA:19,0
DA:23,0
FN:23,MockRoleManaged.incrementAsRulesAdmin
FNDA:0,MockRoleManaged.incrementAsRulesAdmin
DA:24,0
DA:25,0
DA:29,0
FN:29,MockRoleManaged.incrementAsStrategyRole
FNDA:0,MockRoleManaged.incrementAsStrategyRole
DA:30,0
DA:31,0
DA:35,0
FN:35,MockRoleManaged.incrementAsKycAdmin
FNDA:0,MockRoleManaged.incrementAsKycAdmin
DA:36,0
DA:37,0
DA:41,0
FN:41,MockRoleManaged.incrementAsKycOperator
FNDA:0,MockRoleManaged.incrementAsKycOperator
DA:42,0
DA:43,0
DA:47,0
FN:47,MockRoleManaged.getCounter
FNDA:0,MockRoleManaged.getCounter
DA:48,0
DA:53,0
FN:53,MockRoleManaged._getStrategyRoles
FNDA:0,MockRoleManaged._getStrategyRoles
DA:54,0
FNF:7
FNH:0
LF:19
LH:0
BRF:0
BRH:0
end_of_record
TN:
SF:src/mocks/MockRoleManager.sol
DA:26,0
FN:26,MockRoleManager.constructor
FNDA:0,MockRoleManager.constructor
DA:27,0
DA:29,0
DA:30,0
DA:31,0
DA:32,0
DA:33,0
DA:34,0
DA:35,0
DA:36,0
DA:37,0
DA:38,0
DA:42,0
FN:42,MockRoleManager.grantRole
FNDA:0,MockRoleManager.grantRole
DA:43,0
DA:47,0
FN:47,MockRoleManager.revokeRole
FNDA:0,MockRoleManager.revokeRole
DA:48,0
DA:52,0
FN:52,MockRoleManager.hasRole
FNDA:0,MockRoleManager.hasRole
DA:53,0
DA:57,0
FN:57,MockRoleManager.hasAnyOfRoles
FNDA:0,MockRoleManager.hasAnyOfRoles
DA:58,0
DA:59,0
BRDA:59,0,0,-
DA:60,0
DA:63,0
DA:67,0
FN:67,MockRoleManager.hasAllRoles
FNDA:0,MockRoleManager.hasAllRoles
DA:68,0
DA:69,0
BRDA:69,1,0,-
DA:70,0
DA:73,0
DA:77,0
FN:77,MockRoleManager.renounceRole
FNDA:0,MockRoleManager.renounceRole
DA:78,0
FNF:7
FNH:0
LF:30
LH:0
BRF:2
BRH:0
end_of_record
TN:
SF:src/mocks/MockRules.sol
DA:19,0
FN:19,MockRules.constructor
FNDA:0,MockRules.constructor
DA:20,0
DA:21,0
DA:29,0
FN:29,MockRules.setApproveStatus
FNDA:0,MockRules.setApproveStatus
DA:30,0
DA:31,0
DA:38,0
FN:38,MockRules.evaluateTransfer
FNDA:0,MockRules.evaluateTransfer
DA:44,0
DA:54,0
FN:54,MockRules.evaluateDeposit
FNDA:0,MockRules.evaluateDeposit
DA:60,0
DA:70,0
FN:70,MockRules.evaluateWithdraw
FNDA:0,MockRules.evaluateWithdraw
DA:77,0
FNF:5
FNH:0
LF:12
LH:0
BRF:0
BRH:0
end_of_record
TN:
SF:src/mocks/MockStrategy.sol
DA:27,0
FN:27,MockStrategy.initialize
FNDA:0,MockStrategy.initialize
DA:35,0
BRDA:35,0,0,-
DA:36,0
DA:38,0
BRDA:38,1,0,-
DA:39,0
BRDA:39,2,0,-
DA:40,0
BRDA:40,3,0,-
DA:42,0
DA:44,0
DA:45,0
DA:46,0
DA:47,0
DA:49,0
DA:56,0
FN:56,MockStrategy.setBalance
FNDA:0,MockStrategy.setBalance
DA:57,0
DA:64,0
FN:64,MockStrategy.balance
FNDA:0,MockStrategy.balance
DA:65,0
DA:73,0
FN:73,MockStrategy.transferAssets
FNDA:0,MockStrategy.transferAssets
DA:75,0
BRDA:75,4,0,-
DA:78,0
DA:84,0
FN:84,MockStrategy.setManager
FNDA:0,MockStrategy.setManager
DA:86,0
BRDA:86,5,0,-
DA:88,0
DA:89,0
DA:90,0
DA:97,0
FN:97,MockStrategy.configureController
FNDA:0,MockStrategy.configureController
DA:101,0
BRDA:101,6,0,-
DA:104,0
BRDA:104,7,0,-
DA:106,0
DA:107,0
DA:112,0
FNF:6
FNH:0
LF:30
LH:0
BRF:8
BRH:0
end_of_record
TN:
SF:src/registry/Registry.sol
DA:54,0
FN:54,Registry.setStrategy
FNDA:0,Registry.setStrategy
DA:55,0
BRDA:55,0,0,-
DA:56,0
DA:57,0
DA:65,0
FN:65,Registry.setRules
FNDA:0,Registry.setRules
DA:66,0
BRDA:66,1,0,-
DA:67,0
DA:68,0
DA:76,0
FN:76,Registry.setAsset
FNDA:0,Registry.setAsset
DA:77,0
BRDA:77,2,0,-
DA:78,0
DA:79,0
DA:93,0
FN:93,Registry.deploy
FNDA:0,Registry.deploy
DA:102,0
DA:120,0
FN:120,Registry.deployWithController
FNDA:0,Registry.deployWithController
DA:132,0
DA:135,0
DA:142,0
DA:145,0
DA:147,0
DA:149,0
DA:164,0
FN:164,Registry.deployBase
FNDA:0,Registry.deployBase
DA:173,0
BRDA:173,3,0,-
DA:174,0
BRDA:174,4,0,-
DA:175,0
BRDA:175,5,0,-
DA:178,0
DA:181,0
DA:184,0
DA:187,0
DA:189,0
DA:191,0
FNF:6
FNH:0
LF:31
LH:0
BRF:6
BRH:0
end_of_record
TN:
SF:src/reporter/PriceOracleReporter.sol
DA:51,0
FN:51,PriceOracleReporter.constructor
FNDA:0,PriceOracleReporter.constructor
DA:52,0
DA:53,0
DA:55,0
DA:56,0
DA:57,0
DA:69,0
FN:69,PriceOracleReporter.update
FNDA:0,PriceOracleReporter.update
DA:70,0
BRDA:70,0,0,-
DA:71,0
BRDA:71,1,0,-
DA:74,0
BRDA:74,2,0,-
DA:76,0
DA:77,0
BRDA:77,3,0,-
BRDA:77,3,1,-
DA:78,0
DA:80,0
DA:84,0
BRDA:84,4,0,-
DA:88,0
DA:89,0
DA:90,0
DA:92,0
DA:100,0
FN:100,PriceOracleReporter.report
FNDA:0,PriceOracleReporter.report
DA:101,0
DA:113,0
FN:113,PriceOracleReporter.setUpdater
FNDA:0,PriceOracleReporter.setUpdater
DA:114,0
DA:115,0
DA:122,0
FN:122,PriceOracleReporter.setMaxDeviation
FNDA:0,PriceOracleReporter.setMaxDeviation
DA:123,0
DA:124,0
FNF:5
FNH:0
LF:27
LH:0
BRF:6
BRH:0
end_of_record
TN:
SF:src/rules/BaseRules.sol
DA:23,0
FN:23,BaseRules.constructor
FNDA:0,BaseRules.constructor
DA:24,0
DA:25,0
DA:32,0
FN:32,BaseRules.appliesTo
FNDA:0,BaseRules.appliesTo
DA:34,0
DA:41,0
FN:41,BaseRules.evaluateTransfer
FNDA:0,BaseRules.evaluateTransfer
DA:47,0
DA:54,0
FN:54,BaseRules.evaluateDeposit
FNDA:0,BaseRules.evaluateDeposit
DA:60,0
DA:67,0
FN:67,BaseRules.evaluateWithdraw
FNDA:0,BaseRules.evaluateWithdraw
DA:74,0
FNF:5
FNH:0
LF:11
LH:0
BRF:0
BRH:0
end_of_record
TN:
SF:src/rules/KycRules.sol
DA:43,0
FN:43,KycRules.allow
FNDA:0,KycRules.allow
DA:44,0
BRDA:44,0,0,-
DA:45,0
BRDA:45,1,0,-
DA:47,0
DA:49,0
DA:56,0
FN:56,KycRules.deny
FNDA:0,KycRules.deny
DA:57,0
BRDA:57,2,0,-
DA:59,0
DA:60,0
DA:62,0
DA:69,0
FN:69,KycRules.reset
FNDA:0,KycRules.reset
DA:70,0
BRDA:70,3,0,-
DA:72,0
DA:73,0
DA:75,0
DA:82,0
FN:82,KycRules.batchAllow
FNDA:0,KycRules.batchAllow
DA:83,0
DA:84,0
BRDA:84,4,0,-
DA:86,0
DA:87,0
DA:88,0
BRDA:88,5,0,-
DA:89,0
BRDA:89,6,0,-
DA:91,0
DA:93,0
DA:96,0
DA:103,0
FN:103,KycRules.batchDeny
FNDA:0,KycRules.batchDeny
DA:104,0
DA:105,0
BRDA:105,7,0,-
DA:107,0
DA:108,0
DA:109,0
BRDA:109,8,0,-
DA:111,0
DA:112,0
DA:114,0
DA:117,0
DA:124,0
FN:124,KycRules.batchReset
FNDA:0,KycRules.batchReset
DA:125,0
DA:126,0
BRDA:126,9,0,-
DA:128,0
DA:129,0
DA:130,0
BRDA:130,10,0,-
DA:132,0
DA:133,0
DA:135,0
DA:138,0
DA:145,0
FN:145,KycRules._getKycOperatorRoles
FNDA:0,KycRules._getKycOperatorRoles
DA:146,0
DA:154,0
FN:154,KycRules.isAllowed
FNDA:0,KycRules.isAllowed
DA:156,0
BRDA:156,11,0,-
DA:157,0
DA:161,0
DA:170,0
FN:170,KycRules.evaluateTransfer
FNDA:0,KycRules.evaluateTransfer
DA:177,0
BRDA:177,12,0,-
DA:178,0
DA:185,0
BRDA:185,13,0,-
DA:186,0
DA:193,0
DA:202,0
FN:202,KycRules.evaluateDeposit
FNDA:0,KycRules.evaluateDeposit
DA:209,0
BRDA:209,14,0,-
DA:210,0
DA:217,0
BRDA:217,15,0,-
DA:218,0
DA:225,0
DA:235,0
FN:235,KycRules.evaluateWithdraw
FNDA:0,KycRules.evaluateWithdraw
DA:243,0
BRDA:243,16,0,-
DA:244,0
DA:251,0
BRDA:251,17,0,-
DA:252,0
DA:259,0
BRDA:259,18,0,-
DA:260,0
DA:267,0
FNF:11
FNH:0
LF:71
LH:0
BRF:19
BRH:0
end_of_record
TN:
SF:src/rules/RulesEngine.sol
DA:58,0
FN:58,RulesEngine.addRule
FNDA:0,RulesEngine.addRule
DA:59,0
BRDA:59,0,0,-
DA:62,0
DA:65,0
BRDA:65,1,0,-
DA:66,0
BRDA:66,2,0,-
DA:69,0
DA:76,0
DA:78,0
DA:80,0
DA:87,0
FN:87,RulesEngine.removeRule
FNDA:0,RulesEngine.removeRule
DA:88,0
BRDA:88,3,0,-
DA:91,0
DA:94,0
DA:95,0
BRDA:95,4,0,-
DA:97,0
DA:98,0
DA:99,0
DA:103,0
DA:111,0
FN:111,RulesEngine.changeRulePriority
FNDA:0,RulesEngine.changeRulePriority
DA:112,0
BRDA:112,5,0,-
DA:114,0
DA:116,0
DA:123,0
FN:123,RulesEngine.enableRule
FNDA:0,RulesEngine.enableRule
DA:124,0
BRDA:124,6,0,-
DA:126,0
DA:128,0
DA:135,0
FN:135,RulesEngine.disableRule
FNDA:0,RulesEngine.disableRule
DA:136,0
BRDA:136,7,0,-
DA:138,0
DA:140,0
DA:148,0
FN:148,RulesEngine.isRuleActive
FNDA:0,RulesEngine.isRuleActive
DA:149,0
DA:156,0
FN:156,RulesEngine.getAllRules
FNDA:0,RulesEngine.getAllRules
DA:157,0
DA:165,0
FN:165,RulesEngine.getRuleAddress
FNDA:0,RulesEngine.getRuleAddress
DA:166,0
DA:174,0
FN:174,RulesEngine.getRulePriority
FNDA:0,RulesEngine.getRulePriority
DA:175,0
DA:182,0
FN:182,RulesEngine._getKycOperatorRoles
FNDA:0,RulesEngine._getKycOperatorRoles
DA:183,0
DA:199,0
FN:199,RulesEngine.evaluateTransfer
FNDA:0,RulesEngine.evaluateTransfer
DA:205,0
DA:208,0
DA:209,0
DA:210,0
DA:211,0
DA:223,0
FN:223,RulesEngine.evaluateDeposit
FNDA:0,RulesEngine.evaluateDeposit
DA:229,0
DA:232,0
DA:233,0
DA:234,0
DA:235,0
DA:247,0
FN:247,RulesEngine.evaluateWithdraw
FNDA:0,RulesEngine.evaluateWithdraw
DA:254,0
DA:257,0
DA:258,0
DA:259,0
DA:260,0
DA:274,0
FN:274,RulesEngine._evaluateOperation
FNDA:0,RulesEngine._evaluateOperation
DA:276,0
DA:279,0
DA:280,0
DA:281,0
DA:284,0
DA:287,0
DA:290,0
DA:292,0
BRDA:292,10,0,-
DA:294,0
DA:298,0
DA:301,0
BRDA:301,11,0,-
DA:302,0
DA:307,0
DA:314,0
FN:314,RulesEngine._getSortedRuleIds
FNDA:0,RulesEngine._getSortedRuleIds
DA:315,0
DA:316,0
DA:319,0
DA:320,0
DA:324,0
DA:325,0
DA:326,0
DA:327,0
DA:329,0
DA:330,0
DA:331,0
DA:334,0
DA:337,0
FNF:15
FNH:0
LF:86
LH:0
BRF:10
BRH:0
end_of_record
TN:
SF:src/rules/SubscriptionControllerRule.sol
DA:29,0
FN:29,SubscriptionControllerRule.constructor
FNDA:0,SubscriptionControllerRule.constructor
DA:30,0
BRDA:30,0,0,-
DA:31,0
DA:38,0
FN:38,SubscriptionControllerRule.appliesTo
FNDA:0,SubscriptionControllerRule.appliesTo
DA:39,0
DA:50,0
FN:50,SubscriptionControllerRule.evaluateDeposit
FNDA:0,SubscriptionControllerRule.evaluateDeposit
DA:57,0
DA:59,0
DA:61,0
FNF:3
FNH:0
LF:9
LH:0
BRF:1
BRH:0
end_of_record
TN:
SF:src/rules/SubscriptionRules.sol
DA:38,0
FN:38,SubscriptionRules.constructor
FNDA:0,SubscriptionRules.constructor
DA:39,0
BRDA:39,0,0,-
DA:41,0
DA:42,0
DA:44,0
DA:45,0
DA:53,0
FN:53,SubscriptionRules.setSubscriber
FNDA:0,SubscriptionRules.setSubscriber
DA:54,0
BRDA:54,1,0,-
DA:56,0
DA:58,0
DA:65,0
FN:65,SubscriptionRules.setSubscriptionStatus
FNDA:0,SubscriptionRules.setSubscriptionStatus
DA:66,0
DA:68,0
DA:75,0
FN:75,SubscriptionRules.setEnforceApproval
FNDA:0,SubscriptionRules.setEnforceApproval
DA:76,0
DA:78,0
DA:86,0
FN:86,SubscriptionRules.batchSetSubscribers
FNDA:0,SubscriptionRules.batchSetSubscribers
DA:87,0
DA:88,0
BRDA:88,2,0,-
DA:89,0
DA:90,0
DA:100,0
FN:100,SubscriptionRules.evaluateDeposit
FNDA:0,SubscriptionRules.evaluateDeposit
DA:107,0
BRDA:107,3,0,-
DA:108,0
DA:115,0
BRDA:115,4,0,-
DA:116,0
DA:123,0
DA:133,0
FN:133,SubscriptionRules.appliesTo
FNDA:0,SubscriptionRules.appliesTo
DA:134,0
FNF:7
FNH:0
LF:29
LH:0
BRF:5
BRH:0
end_of_record
TN:
SF:src/strategy/BasicStrategy.sol
DA:49,0
FN:49,BasicStrategy.initialize
FNDA:0,BasicStrategy.initialize
DA:58,0
BRDA:58,0,0,-
DA:59,0
DA:61,0
BRDA:61,1,0,-
DA:62,0
BRDA:62,2,0,-
DA:63,0
BRDA:63,3,0,-
DA:67,0
DA:68,0
DA:69,0
DA:71,0
DA:79,0
DA:81,0
DA:92,0
FN:92,BasicStrategy.setManager
FNDA:0,BasicStrategy.setManager
DA:94,0
DA:96,0
DA:120,0
FN:120,BasicStrategy.sendETH
FNDA:0,BasicStrategy.sendETH
DA:121,0
DA:130,0
FN:130,BasicStrategy.sendToken
FNDA:0,BasicStrategy.sendToken
DA:131,0
DA:140,0
FN:140,BasicStrategy.pullToken
FNDA:0,BasicStrategy.pullToken
DA:141,0
DA:150,0
FN:150,BasicStrategy.setAllowance
FNDA:0,BasicStrategy.setAllowance
DA:151,0
DA:162,0
FN:162,BasicStrategy.call
FNDA:0,BasicStrategy.call
DA:167,0
BRDA:167,4,0,-
DA:169,0
DA:170,0
BRDA:170,5,0,-
DA:171,0
DA:174,0
DA:184,0
FN:184,BasicStrategy.delegateCall
FNDA:0,BasicStrategy.delegateCall
DA:188,0
DA:195,0
FN:195,BasicStrategy.configureController
FNDA:0,BasicStrategy.configureController
DA:197,0
BRDA:197,6,0,-
DA:199,0
BRDA:199,7,0,-
DA:201,0
BRDA:201,8,0,-
DA:203,0
DA:204,0
DA:207,0
DA:209,0
DA:216,0
FN:216,BasicStrategy.onlyManager
FNDA:0,BasicStrategy.onlyManager
DA:217,0
BRDA:217,9,0,-
FNF:10
FNH:0
LF:41
LH:0
BRF:10
BRH:0
end_of_record
TN:
SF:src/strategy/ReportedStrategy.sol
DA:45,0
FN:45,ReportedStrategy.initialize
FNDA:0,ReportedStrategy.initialize
DA:53,0
DA:55,0
DA:56,0
BRDA:56,0,0,-
DA:57,0
DA:59,0
DA:66,0
FN:66,ReportedStrategy.balance
FNDA:0,ReportedStrategy.balance
DA:67,0
DA:74,0
FN:74,ReportedStrategy.setReporter
FNDA:0,ReportedStrategy.setReporter
DA:75,0
BRDA:75,1,0,-
DA:77,0
DA:79,0
DA:87,0
FN:87,ReportedStrategy.transferAssets
FNDA:0,ReportedStrategy.transferAssets
DA:89,0
FNF:4
FNH:0
LF:14
LH:0
BRF:2
BRH:0
end_of_record
TN:
SF:src/token/tRWA.sol
DA:60,0
FN:60,tRWA.constructor
FNDA:0,tRWA.constructor
DA:68,0
BRDA:68,0,0,-
DA:69,0
BRDA:69,1,0,-
DA:70,0
BRDA:70,2,0,-
DA:72,0
DA:73,0
DA:74,0
DA:76,0
DA:77,0
DA:84,0
FN:84,tRWA.setController
FNDA:0,tRWA.setController
DA:86,0
BRDA:86,3,0,-
DA:87,0
BRDA:87,4,0,-
DA:88,0
BRDA:88,5,0,-
DA:90,0
DA:97,0
FN:97,tRWA.name
FNDA:0,tRWA.name
DA:98,0
DA:105,0
FN:105,tRWA.symbol
FNDA:0,tRWA.symbol
DA:106,0
DA:113,0
FN:113,tRWA.asset
FNDA:0,tRWA.asset
DA:114,0
DA:120,0
FN:120,tRWA.decimals
FNDA:0,tRWA.decimals
DA:121,0
DA:128,0
FN:128,tRWA.totalAssets
FNDA:0,tRWA.totalAssets
DA:129,0
DA:144,0
FN:144,tRWA.deposit
FNDA:0,tRWA.deposit
DA:151,0
DA:154,0
BRDA:154,6,0,-
DA:155,0
DA:158,0
DA:169,0
FN:169,tRWA.mint
FNDA:0,tRWA.mint
DA:176,0
DA:179,0
BRDA:179,7,0,-
DA:180,0
DA:183,0
DA:195,0
FN:195,tRWA.withdraw
FNDA:0,tRWA.withdraw
DA:202,0
DA:204,0
DA:205,0
DA:206,0
DA:207,0
DA:209,0
BRDA:209,8,0,-
BRDA:209,8,1,-
DA:211,0
DA:212,0
DA:215,0
DA:218,0
DA:219,0
DA:224,0
BRDA:224,9,0,-
DA:225,0
DA:228,0
DA:240,0
FN:240,tRWA.redeem
FNDA:0,tRWA.redeem
DA:247,0
DA:249,0
DA:250,0
DA:251,0
DA:252,0
DA:254,0
BRDA:254,10,0,-
BRDA:254,10,1,-
DA:256,0
DA:257,0
DA:260,0
DA:263,0
DA:264,0
DA:269,0
BRDA:269,11,0,-
DA:270,0
DA:273,0
DA:282,0
FN:282,tRWA._executeCallback
FNDA:0,tRWA._executeCallback
DA:287,0
DA:291,0
DA:307,0
FN:307,tRWA._deposit
FNDA:0,tRWA._deposit
DA:308,0
DA:310,0
BRDA:310,12,0,-
DA:312,0
DA:313,0
DA:316,0
BRDA:316,13,0,-
DA:318,0
DA:321,0
BRDA:321,14,0,-
DA:322,0
DA:326,0
DA:330,0
DA:341,0
FN:341,tRWA._withdraw
FNDA:0,tRWA._withdraw
DA:342,0
DA:344,0
BRDA:344,15,0,-
DA:346,0
BRDA:346,16,0,-
DA:348,0
DA:352,0
DA:355,0
BRDA:355,17,0,-
DA:356,0
DA:359,0
DA:360,0
BRDA:360,18,0,-
DA:362,0
DA:365,0
DA:367,0
DA:375,0
FN:375,tRWA.burn
FNDA:0,tRWA.burn
DA:377,0
DA:379,0
BRDA:379,19,0,-
DA:380,0
DA:383,0
FNF:15
FNH:0
LF:96
LH:0
BRF:22
BRH:0
end_of_record
TN:
SF:test/BaseFountfiTest.t.sol
DA:43,0
FN:43,BaseFountfiTest.setUp
FNDA:0,BaseFountfiTest.setUp
DA:45,0
DA:46,0
DA:47,0
DA:48,0
DA:49,0
DA:50,0
DA:53,0
DA:54,0
DA:55,0
DA:56,0
DA:57,0
DA:58,0
DA:61,0
DA:62,0
DA:65,0
DA:66,0
DA:67,0
DA:70,0
DA:71,0
DA:72,0
DA:75,0
DA:76,0
DA:80,0
FN:80,BaseFountfiTest.deployMockTRWA
FNDA:0,BaseFountfiTest.deployMockTRWA
DA:85,0
DA:88,0
DA:91,0
DA:92,0
DA:102,0
DA:103,0
DA:105,0
DA:109,0
FN:109,BaseFountfiTest.depositTRWA
FNDA:0,BaseFountfiTest.depositTRWA
DA:110,0
DA:111,0
DA:112,0
DA:113,0
DA:114,0
DA:118,0
FN:118,BaseFountfiTest.deployThroughRegistry
FNDA:0,BaseFountfiTest.deployThroughRegistry
DA:124,0
DA:127,0
DA:130,0
DA:133,0
DA:136,0
DA:137,0
DA:138,0
DA:141,0
DA:144,0
DA:145,0
DA:148,0
DA:158,0
FNF:4
FNH:0
LF:50
LH:0
BRF:0
BRH:0
end_of_record
TN:
SF:test/BasicStrategy.t.sol
DA:24,0
FN:24,TestableBasicStrategy.balance
FNDA:0,TestableBasicStrategy.balance
DA:25,0
DA:33,0
FN:33,TestableBasicStrategy.transferAssets
FNDA:0,TestableBasicStrategy.transferAssets
DA:35,0
DA:489,0
FN:489,DelegateCallTest.setValue
FNDA:0,DelegateCallTest.setValue
DA:490,0
DA:491,0
FNF:3
FNH:0
LF:7
LH:0
BRF:0
BRH:0
end_of_record
TN:
SF:test/Registry.coverage.t.sol
DA:50,0
FN:50,ModifiedRegistry.constructor
FNDA:0,ModifiedRegistry.constructor
DA:51,0
DA:59,0
FN:59,ModifiedRegistry.setStrategy
FNDA:0,ModifiedRegistry.setStrategy
DA:60,0
BRDA:60,0,0,-
DA:61,0
DA:62,0
DA:70,0
FN:70,ModifiedRegistry.setRules
FNDA:0,ModifiedRegistry.setRules
DA:71,0
BRDA:71,1,0,-
DA:72,0
DA:73,0
DA:81,0
FN:81,ModifiedRegistry.setAsset
FNDA:0,ModifiedRegistry.setAsset
DA:82,0
BRDA:82,2,0,-
DA:83,0
DA:84,0
DA:99,0
FN:99,ModifiedRegistry.deploy
FNDA:0,ModifiedRegistry.deploy
DA:108,0
BRDA:108,3,0,-
DA:109,0
BRDA:109,4,0,-
DA:110,0
BRDA:110,5,0,-
DA:113,0
DA:116,0
DA:119,0
DA:122,0
DA:124,0
DA:127,0
DA:128,0
DA:130,0
FNF:5
FNH:0
LF:26
LH:0
BRF:6
BRH:0
end_of_record
TN:
SF:test/tRWA.t.sol
DA:24,0
FN:24,MockCallbackReceiver.operationCallback
FNDA:0,MockCallbackReceiver.operationCallback
DA:29,0
BRDA:29,0,0,-
DA:30,0
DA:32,0
DA:33,0
DA:34,0
DA:35,0
DA:38,0
FN:38,MockCallbackReceiver.resetState
FNDA:0,MockCallbackReceiver.resetState
DA:39,0
DA:40,0
DA:41,0
DA:42,0
DA:45,0
FN:45,MockCallbackReceiver.setShouldRevert
FNDA:0,MockCallbackReceiver.setShouldRevert
DA:46,0
DA:58,0
FN:58,WithdrawQueueMockRules.setWithdrawalsQueued
FNDA:0,WithdrawQueueMockRules.setWithdrawalsQueued
DA:59,0
DA:62,0
FN:62,WithdrawQueueMockRules.evaluateWithdraw
FNDA:0,WithdrawQueueMockRules.evaluateWithdraw
DA:69,0
BRDA:69,0,0,-
DA:70,0
DA:75,0
FNF:5
FNH:0
LF:20
LH:0
BRF:2
BRH:0
end_of_record
